<?xml version="1.0" encoding="UTF-8"?>
<!-- Generated by org.testng.reporters.JUnitXMLReporter -->
<testsuite hostname="kantharaj-PC" ignored="0" name="Test_Firefox" tests="3" failures="1" timestamp="2023-06-02T15:22:07 IST" time="0.143" errors="0">
  <testcase name="test1" time="0.018" classname="TenstNGListeners.Dependency"/>
  <testcase name="test2" time="0.009" classname="TenstNGListeners.Dependency">
    <failure type="java.lang.AssertionError" message="null">
      <![CDATA[java.lang.AssertionError: null
at TenstNGListeners.Dependency.test2(Dependency.java:18)
at java.util.ArrayList.forEach(ArrayList.java:1259)
... Removed 29 stack frames]]>
    </failure>
  </testcase> <!-- test2 -->
  <testcase name="test3" time="0.0" classname="TenstNGListeners.Dependency">
    <skipped/>
  </testcase> <!-- test3 -->
</testsuite> <!-- Test_Firefox -->
