<?xml version="1.0" encoding="UTF-8"?>
<!-- Generated by org.testng.reporters.JUnitXMLReporter -->
<testsuite hostname="kantharaj-PC" ignored="3" tests="0" failures="0" timestamp="2023-06-01T08:54:22 IST" time="0.017" errors="0">
  <testcase name="data1" time="0.0" classname="TestNGgroups.TestScriptgroups">
    <ignored/>
  </testcase> <!-- data1 -->
  <testcase name="data2" time="0.0" classname="TestNGgroups.TestScriptgroups">
    <ignored/>
  </testcase> <!-- data2 -->
  <testcase name="data3" time="0.0" classname="TestNGgroups.TestScriptgroups">
    <ignored/>
  </testcase> <!-- data3 -->
</testsuite>
